Determining if the pthread_create exist failed with the following output:
Change Dir: /home/pkr/pkr-work/pose_estimation/build/CMakeFiles/CMakeTmp

Run Build Command:"/usr/bin/make" "cmTC_c3c55/fast"
/usr/bin/make -f CMakeFiles/cmTC_c3c55.dir/build.make CMakeFiles/cmTC_c3c55.dir/build
make[1]: Entering directory '/home/pkr/pkr-work/pose_estimation/build/CMakeFiles/CMakeTmp'
Building C object CMakeFiles/cmTC_c3c55.dir/CheckSymbolExists.c.o
/usr/bin/cc    -fPIC    -o CMakeFiles/cmTC_c3c55.dir/CheckSymbolExists.c.o   -c /home/pkr/pkr-work/pose_estimation/build/CMakeFiles/CMakeTmp/CheckSymbolExists.c
Linking C executable cmTC_c3c55
/usr/bin/cmake -E cmake_link_script CMakeFiles/cmTC_c3c55.dir/link.txt --verbose=1
/usr/bin/cc  -fPIC     CMakeFiles/cmTC_c3c55.dir/CheckSymbolExists.c.o  -o cmTC_c3c55 -rdynamic 
CMakeFiles/cmTC_c3c55.dir/CheckSymbolExists.c.o: In function `main':
CheckSymbolExists.c:(.text+0x1b): undefined reference to `pthread_create'
collect2: error: ld returned 1 exit status
CMakeFiles/cmTC_c3c55.dir/build.make:97: recipe for target 'cmTC_c3c55' failed
make[1]: *** [cmTC_c3c55] Error 1
make[1]: Leaving directory '/home/pkr/pkr-work/pose_estimation/build/CMakeFiles/CMakeTmp'
Makefile:126: recipe for target 'cmTC_c3c55/fast' failed
make: *** [cmTC_c3c55/fast] Error 2

File /home/pkr/pkr-work/pose_estimation/build/CMakeFiles/CMakeTmp/CheckSymbolExists.c:
/* */
#include <pthread.h>

int main(int argc, char** argv)
{
  (void)argv;
#ifndef pthread_create
  return ((int*)(&pthread_create))[argc];
#else
  (void)argc;
  return 0;
#endif
}

Determining if the function pthread_create exists in the pthreads failed with the following output:
Change Dir: /home/pkr/pkr-work/pose_estimation/build/CMakeFiles/CMakeTmp

Run Build Command:"/usr/bin/make" "cmTC_01402/fast"
/usr/bin/make -f CMakeFiles/cmTC_01402.dir/build.make CMakeFiles/cmTC_01402.dir/build
make[1]: Entering directory '/home/pkr/pkr-work/pose_estimation/build/CMakeFiles/CMakeTmp'
Building C object CMakeFiles/cmTC_01402.dir/CheckFunctionExists.c.o
/usr/bin/cc    -fPIC -DCHECK_FUNCTION_EXISTS=pthread_create   -o CMakeFiles/cmTC_01402.dir/CheckFunctionExists.c.o   -c /usr/share/cmake-3.5/Modules/CheckFunctionExists.c
Linking C executable cmTC_01402
/usr/bin/cmake -E cmake_link_script CMakeFiles/cmTC_01402.dir/link.txt --verbose=1
/usr/bin/cc  -fPIC -DCHECK_FUNCTION_EXISTS=pthread_create    CMakeFiles/cmTC_01402.dir/CheckFunctionExists.c.o  -o cmTC_01402 -rdynamic -lpthreads 
/usr/bin/ld: cannot find -lpthreads
collect2: error: ld returned 1 exit status
CMakeFiles/cmTC_01402.dir/build.make:97: recipe for target 'cmTC_01402' failed
make[1]: *** [cmTC_01402] Error 1
make[1]: Leaving directory '/home/pkr/pkr-work/pose_estimation/build/CMakeFiles/CMakeTmp'
Makefile:126: recipe for target 'cmTC_01402/fast' failed
make: *** [cmTC_01402/fast] Error 2


